8-Nov-2012 5:27:27 PM org.apache.catalina.core.ApplicationContext log
INFO: ContextListener: contextInitialized()
8-Nov-2012 5:27:27 PM org.apache.catalina.core.ApplicationContext log
INFO: SessionListener: contextInitialized()
8-Nov-2012 5:27:27 PM org.apache.catalina.core.ApplicationContext log
INFO: ContextListener: attributeAdded('org.apache.catalina.Registry', 'org.apache.tomcat.util.modeler.Registry@197200b4')
8-Nov-2012 5:27:27 PM org.apache.catalina.core.ApplicationContext log
INFO: ContextListener: attributeAdded('org.apache.catalina.MBeanServer', 'com.sun.jmx.mbeanserver.JmxMBeanServer@b8c3679')
8-Nov-2012 5:38:46 PM org.apache.catalina.core.ApplicationContext log
INFO: ContextListener: contextInitialized()
8-Nov-2012 5:38:46 PM org.apache.catalina.core.ApplicationContext log
INFO: SessionListener: contextInitialized()
8-Nov-2012 5:38:46 PM org.apache.catalina.core.ApplicationContext log
INFO: ContextListener: attributeAdded('org.apache.catalina.Registry', 'org.apache.tomcat.util.modeler.Registry@66941db6')
8-Nov-2012 5:38:46 PM org.apache.catalina.core.ApplicationContext log
INFO: ContextListener: attributeAdded('org.apache.catalina.MBeanServer', 'com.sun.jmx.mbeanserver.JmxMBeanServer@62acc57')
8-Nov-2012 5:38:47 PM org.apache.catalina.core.ApplicationContext log
INFO: SessionListener: contextDestroyed()
8-Nov-2012 5:38:47 PM org.apache.catalina.core.ApplicationContext log
INFO: ContextListener: contextDestroyed()
